06:42:39|WEB SERVER Enabled
06:42:39|Started SQL Server
06:43:08|WEB SERVER Enabled
06:43:08|Started SQL Server
06:43:08|WEB SERVER Enabled
06:43:08|Started SQL Server
06:43:08|WEB SERVER Enabled
06:43:08|Started SQL Server
06:43:08|WEB SERVER Enabled
06:43:08|Started SQL Server
06:43:08|WEB SERVER Enabled
06:43:08|Started SQL Server
06:43:08|WEB SERVER Enabled
06:43:08|Started SQL Server
06:43:08|WEB SERVER Enabled
06:43:08|Started SQL Server
06:43:08|WEB SERVER Enabled
06:43:08|Started SQL Server
06:43:09|WEB SERVER Enabled
06:43:09|Started SQL Server
06:44:14|WEB SERVER Enabled
06:44:14|Started SQL Server
06:44:14|TCP SERVER Started
06:44:14|Started SQL Server
06:44:27|The user vadip logged in succesfully 
06:44:58|post 4 removed from the thread aaaaa in forum SEX by the user: vadip
06:45:38|post 1 removed from the thread aaaaa in forum SEX by the user: vadip
06:46:12|The Post SEX DRUGS AND ROCKNROLL added to the forum SEX by the user vadip
06:46:24|post 6 removed from the thread aaaaa in forum SEX by the user: vadip
06:50:50|WEB SERVER Enabled
06:50:50|Started SQL Server
06:50:50|TCP SERVER Started
06:50:50|Started SQL Server
06:50:59|The user vadip logged in succesfully 
06:51:36|ERROR ADDPOST: Thread -1 was not found in forum SEX
06:51:36|The Post a added to the forum SEX by the user vadip
06:53:10|WEB SERVER Enabled
06:53:10|Started SQL Server
06:53:10|TCP SERVER Started
06:53:10|Started SQL Server
06:53:25|WEB SERVER Enabled
06:53:25|Started SQL Server
06:53:25|TCP SERVER Started
06:53:25|Started SQL Server
06:53:38|The user vadip logged in succesfully 
06:54:06|The Thread shalom added to the forum SEX
06:54:29|The Post shalom added to the forum SEX by the user vadip
06:54:53|The Post shalo m added to the forum SEX by the user vadip
06:55:02|post 1 removed from the thread shalom in forum SEX by the user: vadip
06:55:31|The Thread  removed from the forumSEX by the user: vadip
06:55:47|The user a logged in succesfully 
06:56:38|The Forum Greate Success has been created successfully by the admin a
06:56:51|ERROR ADDFORUM: the forum: Greate Success is already exsist! 
06:57:10|The Forum  was removed by the admin a
06:59:34|WEB SERVER Enabled
06:59:34|Started SQL Server
06:59:34|TCP SERVER Started
06:59:34|Started SQL Server
06:59:45|The user a logged in succesfully 
07:00:11|The Forum Furom QA Team has been created successfully by the admin a
07:00:12|ERROR ADDFORUM: the forum: Furom QA Team is already exsist! 
07:00:25|The Thread  removed from the forumLOVE by the admin: a
07:00:29|The Thread  removed from the forumLOVE by the admin: a
07:00:33|The Thread  removed from the forumLOVE by the admin: a
07:06:43|WEB SERVER Enabled
07:06:43|Started SQL Server
07:06:44|TCP SERVER Started
07:06:44|Started SQL Server
07:06:59|The user a logged in succesfully 
07:07:57|WEB SERVER Enabled
07:07:57|Started SQL Server
07:07:57|TCP SERVER Started
07:07:57|Started SQL Server
07:08:49|WEB SERVER Enabled
07:08:49|Started SQL Server
07:08:49|TCP SERVER Started
07:08:50|Started SQL Server
07:09:20|The user a logged in succesfully 
07:12:27|WEB SERVER Enabled
07:12:27|Started SQL Server
07:12:27|TCP SERVER Started
07:12:27|Started SQL Server
07:13:45|WEB SERVER Enabled
07:13:45|WEB SERVER Enabled
07:13:45|Started SQL Server
07:13:45|Started SQL Server
07:13:45|TCP SERVER Started
07:13:46|Started SQL Server
07:13:46|TCP SERVER Started
07:13:46|Started SQL Server
07:14:02|WEB SERVER Enabled
07:14:02|Started SQL Server
07:14:02|TCP SERVER Started
07:14:02|Started SQL Server
07:14:13|The user a logged in succesfully 
07:20:47|WEB SERVER Enabled
07:20:47|Started SQL Server
07:20:47|TCP SERVER Started
07:20:47|Started SQL Server
07:21:20|The user a logged in succesfully 
07:39:34|WEB SERVER Enabled
07:39:34|Started SQL Server
07:39:34|TCP SERVER Started
07:39:34|Started SQL Server
07:39:47|The user a logged in succesfully 
07:42:20|WEB SERVER Enabled
07:42:20|Started SQL Server
07:42:20|Started SQL Server
07:42:31|WEB SERVER Enabled
07:42:31|Started SQL Server
07:42:31|Started SQL Server
07:43:15|WEB SERVER Enabled
07:43:15|Started SQL Server
07:43:15|Started SQL Server
07:44:21|WEB SERVER Enabled
07:44:21|Started SQL Server
07:44:21|Started SQL Server
07:44:47|WEB SERVER Enabled
07:44:47|Started SQL Server
07:44:47|Started SQL Server
07:45:06|WEB SERVER Enabled
07:45:06|Started SQL Server
07:45:06|Started SQL Server
07:46:11|WEB SERVER Enabled
07:46:11|Started SQL Server
07:46:12|Started SQL Server
07:46:37|WEB SERVER Enabled
07:46:37|Started SQL Server
07:46:37|Started SQL Server
07:49:12|WEB SERVER Enabled
07:49:12|Started SQL Server
07:49:14|Started SQL Server
07:49:14|TCP SERVER Started
07:49:27|The user a logged in succesfully 
07:53:42|WEB SERVER Enabled
07:53:42|Started SQL Server
07:53:42|TCP SERVER Started
07:53:43|Started SQL Server
07:54:09|ERROR LOGIN: a tried to login with wrong password
07:54:09|The user a logged in succesfully 
07:54:14|The user a logged in succesfully 
07:58:54|WEB SERVER Enabled
07:58:54|Started SQL Server
07:58:54|TCP SERVER Started
07:58:54|Started SQL Server
07:59:04|The user a logged in succesfully 
07:59:23|The Thread shalom added to the forum Furom QA Team
07:59:32|ERROR LOGOUT: a does not exsist
07:59:32|The user a logged out succesfully 
07:59:54|The user a logged in succesfully 
