04:00:36|Started SQL Server
04:00:40|The user a logged in succesfully 
04:00:48|ERROR ADDFRIEND: User a tried to an existing friend again..
04:00:57|The user a added etay to his friend list succesfully 
04:09:31|WEB SERVER Enabled
04:09:31|Started SQL Server
04:09:31|TCP SERVER Started
04:09:31|Started SQL Server
04:09:53|WEB SERVER Enabled
04:09:53|Started SQL Server
04:09:53|TCP SERVER Started
04:09:54|Started SQL Server
04:10:31|The user a logged in succesfully 
04:13:27|WEB SERVER Enabled
04:13:27|Started SQL Server
04:13:27|TCP SERVER Started
04:13:28|Started SQL Server
04:14:09|WEB SERVER Enabled
04:14:09|Started SQL Server
04:14:09|TCP SERVER Started
04:14:13|The user a logged in succesfully 
04:14:40|WEB SERVER Enabled
04:14:40|Started SQL Server
04:14:40|TCP SERVER Started
04:14:40|Started SQL Server
04:14:59|The user a logged in succesfully 
04:16:30|WEB SERVER Enabled
04:16:30|Started SQL Server
04:16:30|TCP SERVER Started
04:16:30|Started SQL Server
04:17:24|WEB SERVER Enabled
04:17:24|Started SQL Server
04:17:24|TCP SERVER Started
04:17:24|Started SQL Server
04:21:38|WEB SERVER Enabled
04:21:38|Started SQL Server
04:21:38|TCP SERVER Started
04:21:38|Started SQL Server
04:22:32|Started SQL Server
04:22:40|Started SQL Server
04:23:42|Started SQL Server
04:42:10|Started SQL Server
04:43:57|WEB SERVER Enabled
04:43:57|Started SQL Server
04:43:57|TCP SERVER Started
04:43:57|Started SQL Server
04:44:08|The user a logged in succesfully 
04:46:50|The user nigi registered succesfully 
04:46:50|The user nigi logged in succesfully 
04:47:03|The user a added nigi to his friend list succesfully 
04:47:13|The user nigi added a to his friend list succesfully 
04:48:01|The Thread NEW THREAD added to the forum SEX
04:48:57|ERROR LOGOUT: nigi does not exsist
04:48:57|The user nigi logged out succesfully 
